<?xml version="1.0" encoding="UTF-8"?>
<!-- Generated by org.testng.reporters.JUnitReportReporter -->
<testsuite skipped="0" hostname="MUNTASIR-BOCTC10" name="com.Common.Base" tests="1" failures="0" timestamp="2020-10-14T21:12:00 BDT" time="6.199" errors="0">
  <testcase name="browser_Config" time="6.199" classname="com.Common.Base"/>
  <system-out/>
</testsuite> <!-- com.Common.Base -->
