<?xml version="1.0" encoding="UTF-8"?>
<!-- Generated by org.testng.reporters.JUnitReportReporter -->
<testsuite skipped="0" hostname="MUNTASIR-BOCTC10" name="com.Excel.LoginDataDrivenTest" tests="1" failures="0" timestamp="2020-10-29T21:16:41 BDT" time="13.592" errors="0">
  <testcase name="login" time="13.592" classname="com.Excel.LoginDataDrivenTest"/>
  <system-out/>
</testsuite> <!-- com.Excel.LoginDataDrivenTest -->
