<?xml version="1.0" encoding="UTF-8"?>
<!-- Generated by org.testng.reporters.JUnitReportReporter -->
<testsuite skipped="0" hostname="MUNTASIR-BOCTC10" name="com.LoginTest.LoginTC_1" tests="1" failures="0" timestamp="2020-10-28T20:54:12 BDT" time="9.643" errors="0">
  <testcase name="login" time="9.643" classname="com.LoginTest.LoginTC_1"/>
  <system-out/>
</testsuite> <!-- com.LoginTest.LoginTC_1 -->
